# Push Log for folded-universe
# Generated by gitfield-sync

[2025-06-18T15:49:44Z] Local: , Branch=master, Commit=b8e387f
  Diff Summary:
     docs/integrity.sha256.sig.4E27D37C358872BF | 0
     1 file changed, 0 insertions(+), 0 deletions(-)
[2025-06-18T16:03:31Z] Radicle: RID=rad:z3FEj7rF8gZw9eFksCuiN43qjzrex, Peer ID=z6Mkw5s3ppo26C7y7tGK5MD8n2GqTHS582PPpeX5Xqbu2Mpz, Branch=master, Commit=b8e387f
  CLI: rad inspect rad:z3FEj7rF8gZw9eFksCuiN43qjzrex # View project details
  CLI: git ls-tree -r --name-only HEAD # View file structure
  Diff Summary:
     .gitfield/radicle.sigil.md | 67 ++++++++++++++++++++++++++++++++++++++++++++++
     1 file changed, 67 insertions(+)
[2025-06-18T16:06:20Z] Forgejo: https://remember.thefoldwithin.earth/mrhavens/folded-universe, Branch=master, Commit=b8e387f
  Diff Summary:
     .gitfield/.radicle-push-state | 1 +
     .gitfield/pushed.log          | 6 ++++++
     2 files changed, 7 insertions(+)
[2025-06-18T16:07:31Z] Codeberg: https://codeberg.org/mrhavens/folded-universe, Branch=master, Commit=b8e387f
  Diff Summary:
     .gitfield/pushed.log | 5 +++++
     1 file changed, 5 insertions(+)
[2025-06-18T16:08:28Z] GitLab: https://gitlab.com/mrhavens/folded-universe, Branch=master, Commit=b8e387f
  Diff Summary:
     .gitfield/gitlab.sigil.md | 59 +++++++++++++++++++++++++++++++++++++++++++++++
     1 file changed, 59 insertions(+)
[2025-06-18T16:09:00Z] Bitbucket: https://bitbucket.org/thefoldwithin/folded-universe, Branch=master, Commit=b8e387f
  Diff Summary:
     .gitfield/bitbucket.sigil.md | 59 ++++++++++++++++++++++++++++++++++++++++++++
     1 file changed, 59 insertions(+)
[2025-06-18T16:10:03Z] GitHub: https://github.com/mrhavens/folded-universe, Branch=master, Commit=b8e387f
  Diff Summary:
     .gitfield/github.sigil.md | 59 +++++++++++++++++++++++++++++++++++++++++++++++
     1 file changed, 59 insertions(+)
[2025-06-18T16:14:56Z] Local: , Branch=master, Commit=b8e387f
  Diff Summary:
     .gitfield/local.sigil.md | 59 ++++++++++++++++++++++++++++++++++++++++++++++++
     1 file changed, 59 insertions(+)
[2025-06-18T16:16:13Z] Radicle: RID=rad:z3FEj7rF8gZw9eFksCuiN43qjzrex, Peer ID=z6Mkw5s3ppo26C7y7tGK5MD8n2GqTHS582PPpeX5Xqbu2Mpz, Branch=master, Commit=b8e387f
  CLI: rad inspect rad:z3FEj7rF8gZw9eFksCuiN43qjzrex # View project details
  CLI: git ls-tree -r --name-only HEAD # View file structure
  Diff Summary:
     .gitfield/radicle.sigil.md | 20 ++++++++++----------
     1 file changed, 10 insertions(+), 10 deletions(-)
[2025-06-18T16:18:57Z] Forgejo: https://remember.thefoldwithin.earth/mrhavens/folded-universe, Branch=master, Commit=b8e387f
  Diff Summary:
     .gitfield/.radicle-push-state | 2 +-
     .gitfield/pushed.log          | 6 ++++++
     2 files changed, 7 insertions(+), 1 deletion(-)
[2025-06-18T16:19:09Z] Codeberg: https://codeberg.org/mrhavens/folded-universe, Branch=master, Commit=b8e387f
  Diff Summary:
     .gitfield/pushed.log | 5 +++++
     1 file changed, 5 insertions(+)
[2025-06-18T16:20:55Z] GitLab: https://gitlab.com/mrhavens/folded-universe, Branch=master, Commit=b8e387f
  Diff Summary:
     .gitfield/gitlab.sigil.md | 16 ++++++++--------
     1 file changed, 8 insertions(+), 8 deletions(-)
[2025-06-18T16:22:04Z] Bitbucket: https://bitbucket.org/thefoldwithin/folded-universe, Branch=master, Commit=b8e387f
  Diff Summary:
     .gitfield/bitbucket.sigil.md | 16 ++++++++--------
     1 file changed, 8 insertions(+), 8 deletions(-)
[2025-06-18T16:22:58Z] GitHub: https://github.com/mrhavens/folded-universe, Branch=master, Commit=b8e387f
  Diff Summary:
     .gitfield/github.sigil.md | 16 ++++++++--------
     1 file changed, 8 insertions(+), 8 deletions(-)
[2025-06-18T16:27:49Z] Local: , Branch=master, Commit=b8e387f
  Diff Summary:
     .gitfield/local.sigil.md | 16 ++++++++--------
     1 file changed, 8 insertions(+), 8 deletions(-)
[2025-06-18T16:28:56Z] Radicle: RID=rad:z3FEj7rF8gZw9eFksCuiN43qjzrex, Peer ID=z6Mkw5s3ppo26C7y7tGK5MD8n2GqTHS582PPpeX5Xqbu2Mpz, Branch=master, Commit=b8e387f
  CLI: rad inspect rad:z3FEj7rF8gZw9eFksCuiN43qjzrex # View project details
  CLI: git ls-tree -r --name-only HEAD # View file structure
  Diff Summary:
     .gitfield/radicle.sigil.md | 16 ++++++++--------
     1 file changed, 8 insertions(+), 8 deletions(-)
[2025-06-18T16:31:42Z] Forgejo: https://remember.thefoldwithin.earth/mrhavens/folded-universe, Branch=master, Commit=b8e387f
  Diff Summary:
     .gitfield/.radicle-push-state | 2 +-
     .gitfield/pushed.log          | 6 ++++++
     2 files changed, 7 insertions(+), 1 deletion(-)
